Internal Server Error: /auth/login/
Traceback (most recent call last):
  File "C:\Users\user\Desktop\IntelliSched-An-AI-Assisted-Instructor-Student-Scheduling-System\root310\lib\site-packages\django\template\base.py", line 510, in parse
    compile_func = self.tags[command]
KeyError: 'endblock'

During handling of the above exception, another exception occurred:

Traceback (most recent call last):
  File "C:\Users\user\Desktop\IntelliSched-An-AI-Assisted-Instructor-Student-Scheduling-System\root310\lib\site-packages\django\core\handlers\exception.py", line 55, in inner
    response = get_response(request)
  File "C:\Users\user\Desktop\IntelliSched-An-AI-Assisted-Instructor-Student-Scheduling-System\root310\lib\site-packages\django\core\handlers\base.py", line 197, in _get_response
    response = wrapped_callback(request, *callback_args, **callback_kwargs)
  File "C:\Users\user\Desktop\IntelliSched-An-AI-Assisted-Instructor-Student-Scheduling-System\authapi\views.py", line 76, in loginView
    return render(request, 'authapi/login.html')
  File "C:\Users\user\Desktop\IntelliSched-An-AI-Assisted-Instructor-Student-Scheduling-System\root310\lib\site-packages\django\shortcuts.py", line 25, in render
    content = loader.render_to_string(template_name, context, request, using=using)
  File "C:\Users\user\Desktop\IntelliSched-An-AI-Assisted-Instructor-Student-Scheduling-System\root310\lib\site-packages\django\template\loader.py", line 61, in render_to_string
    template = get_template(template_name, using=using)
  File "C:\Users\user\Desktop\IntelliSched-An-AI-Assisted-Instructor-Student-Scheduling-System\root310\lib\site-packages\django\template\loader.py", line 15, in get_template
    return engine.get_template(template_name)
  File "C:\Users\user\Desktop\IntelliSched-An-AI-Assisted-Instructor-Student-Scheduling-System\root310\lib\site-packages\django\template\backends\django.py", line 79, in get_template
    return Template(self.engine.get_template(template_name), self)
  File "C:\Users\user\Desktop\IntelliSched-An-AI-Assisted-Instructor-Student-Scheduling-System\root310\lib\site-packages\django\template\engine.py", line 177, in get_template
    template, origin = self.find_template(template_name)
  File "C:\Users\user\Desktop\IntelliSched-An-AI-Assisted-Instructor-Student-Scheduling-System\root310\lib\site-packages\django\template\engine.py", line 159, in find_template
    template = loader.get_template(name, skip=skip)
  File "C:\Users\user\Desktop\IntelliSched-An-AI-Assisted-Instructor-Student-Scheduling-System\root310\lib\site-packages\django\template\loaders\cached.py", line 57, in get_template
    template = super().get_template(template_name, skip)
  File "C:\Users\user\Desktop\IntelliSched-An-AI-Assisted-Instructor-Student-Scheduling-System\root310\lib\site-packages\django\template\loaders\base.py", line 28, in get_template
    return Template(
  File "C:\Users\user\Desktop\IntelliSched-An-AI-Assisted-Instructor-Student-Scheduling-System\root310\lib\site-packages\django\template\base.py", line 154, in __init__
    self.nodelist = self.compile_nodelist()
  File "C:\Users\user\Desktop\IntelliSched-An-AI-Assisted-Instructor-Student-Scheduling-System\root310\lib\site-packages\django\template\base.py", line 196, in compile_nodelist
    nodelist = parser.parse()
  File "C:\Users\user\Desktop\IntelliSched-An-AI-Assisted-Instructor-Student-Scheduling-System\root310\lib\site-packages\django\template\base.py", line 518, in parse
    raise self.error(token, e)
  File "C:\Users\user\Desktop\IntelliSched-An-AI-Assisted-Instructor-Student-Scheduling-System\root310\lib\site-packages\django\template\base.py", line 516, in parse
    compiled_result = compile_func(self, token)
  File "C:\Users\user\Desktop\IntelliSched-An-AI-Assisted-Instructor-Student-Scheduling-System\root310\lib\site-packages\django\template\loader_tags.py", line 299, in do_extends
    nodelist = parser.parse()
  File "C:\Users\user\Desktop\IntelliSched-An-AI-Assisted-Instructor-Student-Scheduling-System\root310\lib\site-packages\django\template\base.py", line 512, in parse
    self.invalid_block_tag(token, command, parse_until)
  File "C:\Users\user\Desktop\IntelliSched-An-AI-Assisted-Instructor-Student-Scheduling-System\root310\lib\site-packages\django\template\base.py", line 577, in invalid_block_tag
    raise self.error(
django.template.exceptions.TemplateSyntaxError: Invalid block tag on line 12: 'endblock'. Did you forget to register or load this tag?
"GET /auth/login/ HTTP/1.1" 500 180454
Internal Server Error: /scheduler/print/sectionSchedule/1__A/2/
Traceback (most recent call last):
  File "C:\Users\user\Desktop\IntelliSched-An-AI-Assisted-Instructor-Student-Scheduling-System\root310\lib\site-packages\django\core\handlers\exception.py", line 55, in inner
    response = get_response(request)
  File "C:\Users\user\Desktop\IntelliSched-An-AI-Assisted-Instructor-Student-Scheduling-System\root310\lib\site-packages\django\core\handlers\base.py", line 197, in _get_response
    response = wrapped_callback(request, *callback_args, **callback_kwargs)
  File "C:\Users\user\Desktop\IntelliSched-An-AI-Assisted-Instructor-Student-Scheduling-System\root310\lib\site-packages\django\contrib\auth\decorators.py", line 59, in _view_wrapper
    return view_func(request, *args, **kwargs)
  File "C:\Users\user\Desktop\IntelliSched-An-AI-Assisted-Instructor-Student-Scheduling-System\authapi\views.py", line 29, in _wrapped_view
    return view_func(request, *args, **kwargs)
  File "C:\Users\user\Desktop\IntelliSched-An-AI-Assisted-Instructor-Student-Scheduling-System\scheduler\views.py", line 1982, in previewSectionBlockSchedule
    key = (gen.day, gen.startTime.strftime("%H:%M"))
AttributeError: 'GenEdSchedule' object has no attribute 'day'
"GET /scheduler/print/sectionSchedule/1__A/2/ HTTP/1.1" 500 94988
Internal Server Error: /scheduler/print/sectionSchedule/1__A/2/
Traceback (most recent call last):
  File "C:\Users\user\Desktop\IntelliSched-An-AI-Assisted-Instructor-Student-Scheduling-System\root310\lib\site-packages\django\core\handlers\exception.py", line 55, in inner
    response = get_response(request)
  File "C:\Users\user\Desktop\IntelliSched-An-AI-Assisted-Instructor-Student-Scheduling-System\root310\lib\site-packages\django\core\handlers\base.py", line 197, in _get_response
    response = wrapped_callback(request, *callback_args, **callback_kwargs)
  File "C:\Users\user\Desktop\IntelliSched-An-AI-Assisted-Instructor-Student-Scheduling-System\root310\lib\site-packages\django\contrib\auth\decorators.py", line 59, in _view_wrapper
    return view_func(request, *args, **kwargs)
  File "C:\Users\user\Desktop\IntelliSched-An-AI-Assisted-Instructor-Student-Scheduling-System\authapi\views.py", line 29, in _wrapped_view
    return view_func(request, *args, **kwargs)
  File "C:\Users\user\Desktop\IntelliSched-An-AI-Assisted-Instructor-Student-Scheduling-System\scheduler\views.py", line 1984, in previewSectionBlockSchedule
    subject_display = f"{gen.subjectCode} - Lecture"
AttributeError: 'GenEdSchedule' object has no attribute 'subjectCode'
"GET /scheduler/print/sectionSchedule/1__A/2/ HTTP/1.1" 500 94975
Internal Server Error: /scheduler/print/sectionSchedule/1__A/2/
Traceback (most recent call last):
  File "C:\Users\user\Desktop\IntelliSched-An-AI-Assisted-Instructor-Student-Scheduling-System\root310\lib\site-packages\django\core\handlers\exception.py", line 55, in inner
    response = get_response(request)
  File "C:\Users\user\Desktop\IntelliSched-An-AI-Assisted-Instructor-Student-Scheduling-System\root310\lib\site-packages\django\core\handlers\base.py", line 197, in _get_response
    response = wrapped_callback(request, *callback_args, **callback_kwargs)
  File "C:\Users\user\Desktop\IntelliSched-An-AI-Assisted-Instructor-Student-Scheduling-System\root310\lib\site-packages\django\contrib\auth\decorators.py", line 59, in _view_wrapper
    return view_func(request, *args, **kwargs)
  File "C:\Users\user\Desktop\IntelliSched-An-AI-Assisted-Instructor-Student-Scheduling-System\authapi\views.py", line 29, in _wrapped_view
    return view_func(request, *args, **kwargs)
  File "C:\Users\user\Desktop\IntelliSched-An-AI-Assisted-Instructor-Student-Scheduling-System\scheduler\views.py", line 1990, in previewSectionBlockSchedule
    'roomName': gen.room or "TBA",
AttributeError: 'GenEdSchedule' object has no attribute 'room'
"GET /scheduler/print/sectionSchedule/1__A/2/ HTTP/1.1" 500 95151
